C:\Program Files (x86)\Microsoft Visual Studio\2019\Community\MSBuild\Microsoft\VC\v150\Platforms\Win32\PlatformToolsets\v141_xp\Toolset.targets(39,5): warning MSB8051: Support for targeting Windows XP is deprecated and will not be present in future releases of Visual Studio. Please see https://go.microsoft.com/fwlink/?linkid=2023588 for more information.
  Sdl2Conspiracy.vcxproj -> D:\DevelopmentEnvironment\Workspaces\VisualStudioProjects\source\repos\SDL2_examples\src\Sdl2Conspiracy\Win32\Debug\Sdl2Conspiracy.exe
  子目录或文件 D:\DevelopmentEnvironment\Workspaces\VisualStudioProjects\source\repos\SDL2_examples\src\Sdl2Conspiracy\Win32\Debug\assets 已经存在。
  D:\DevelopmentEnvironment\Workspaces\VisualStudioProjects\source\repos\SDL2_examples\src\Sdl2Conspiracy\Sdl2Conspiracy\Conspiracy\assets\fonts\font.ttf
  D:\DevelopmentEnvironment\Workspaces\VisualStudioProjects\source\repos\SDL2_examples\src\Sdl2Conspiracy\Sdl2Conspiracy\Conspiracy\assets\sounds\DOOR.wav
  D:\DevelopmentEnvironment\Workspaces\VisualStudioProjects\source\repos\SDL2_examples\src\Sdl2Conspiracy\Sdl2Conspiracy\Conspiracy\assets\sounds\DRAG.wav
  D:\DevelopmentEnvironment\Workspaces\VisualStudioProjects\source\repos\SDL2_examples\src\Sdl2Conspiracy\Sdl2Conspiracy\Conspiracy\assets\sounds\FINAL .wav
  D:\DevelopmentEnvironment\Workspaces\VisualStudioProjects\source\repos\SDL2_examples\src\Sdl2Conspiracy\Sdl2Conspiracy\Conspiracy\assets\sounds\FOOTSTEP.wav
  D:\DevelopmentEnvironment\Workspaces\VisualStudioProjects\source\repos\SDL2_examples\src\Sdl2Conspiracy\Sdl2Conspiracy\Conspiracy\assets\sounds\GAMEOVER.wav
  D:\DevelopmentEnvironment\Workspaces\VisualStudioProjects\source\repos\SDL2_examples\src\Sdl2Conspiracy\Sdl2Conspiracy\Conspiracy\assets\sounds\GUARDAVIU.wav
  D:\DevelopmentEnvironment\Workspaces\VisualStudioProjects\source\repos\SDL2_examples\src\Sdl2Conspiracy\Sdl2Conspiracy\Conspiracy\assets\sounds\MENU.wav
  D:\DevelopmentEnvironment\Workspaces\VisualStudioProjects\source\repos\SDL2_examples\src\Sdl2Conspiracy\Sdl2Conspiracy\Conspiracy\assets\sounds\PAPEROISE.wav
  D:\DevelopmentEnvironment\Workspaces\VisualStudioProjects\source\repos\SDL2_examples\src\Sdl2Conspiracy\Sdl2Conspiracy\Conspiracy\assets\sounds\PCNOISE.wav
  D:\DevelopmentEnvironment\Workspaces\VisualStudioProjects\source\repos\SDL2_examples\src\Sdl2Conspiracy\Sdl2Conspiracy\Conspiracy\assets\sounds\SELECT.wav
  D:\DevelopmentEnvironment\Workspaces\VisualStudioProjects\source\repos\SDL2_examples\src\Sdl2Conspiracy\Sdl2Conspiracy\Conspiracy\assets\sounds\SELECT5.wav
  D:\DevelopmentEnvironment\Workspaces\VisualStudioProjects\source\repos\SDL2_examples\src\Sdl2Conspiracy\Sdl2Conspiracy\Conspiracy\assets\sounds\SELECT6.wav
  D:\DevelopmentEnvironment\Workspaces\VisualStudioProjects\source\repos\SDL2_examples\src\Sdl2Conspiracy\Sdl2Conspiracy\Conspiracy\assets\sounds\stage_one_music.wav
  D:\DevelopmentEnvironment\Workspaces\VisualStudioProjects\source\repos\SDL2_examples\src\Sdl2Conspiracy\Sdl2Conspiracy\Conspiracy\assets\sounds\TEMA1.wav
  D:\DevelopmentEnvironment\Workspaces\VisualStudioProjects\source\repos\SDL2_examples\src\Sdl2Conspiracy\Sdl2Conspiracy\Conspiracy\assets\sounds\tema1demo.wav
  D:\DevelopmentEnvironment\Workspaces\VisualStudioProjects\source\repos\SDL2_examples\src\Sdl2Conspiracy\Sdl2Conspiracy\Conspiracy\assets\sounds\TEMA2.wav
  D:\DevelopmentEnvironment\Workspaces\VisualStudioProjects\source\repos\SDL2_examples\src\Sdl2Conspiracy\Sdl2Conspiracy\Conspiracy\assets\sounds\TEMA3.wav
  D:\DevelopmentEnvironment\Workspaces\VisualStudioProjects\source\repos\SDL2_examples\src\Sdl2Conspiracy\Sdl2Conspiracy\Conspiracy\assets\sounds\TEMA4.wav
  D:\DevelopmentEnvironment\Workspaces\VisualStudioProjects\source\repos\SDL2_examples\src\Sdl2Conspiracy\Sdl2Conspiracy\Conspiracy\assets\sounds\TEMA5.wav
  D:\DevelopmentEnvironment\Workspaces\VisualStudioProjects\source\repos\SDL2_examples\src\Sdl2Conspiracy\Sdl2Conspiracy\Conspiracy\assets\sounds\TROCABILU.wav
  D:\DevelopmentEnvironment\Workspaces\VisualStudioProjects\source\repos\SDL2_examples\src\Sdl2Conspiracy\Sdl2Conspiracy\Conspiracy\assets\sounds\TROCATEMER.wav
  D:\DevelopmentEnvironment\Workspaces\VisualStudioProjects\source\repos\SDL2_examples\src\Sdl2Conspiracy\Sdl2Conspiracy\Conspiracy\assets\sounds\TROCAVARGINHA.wav
  D:\DevelopmentEnvironment\Workspaces\VisualStudioProjects\source\repos\SDL2_examples\src\Sdl2Conspiracy\Sdl2Conspiracy\Conspiracy\assets\sounds\TURNOFFCAMERA.wav
  D:\DevelopmentEnvironment\Workspaces\VisualStudioProjects\source\repos\SDL2_examples\src\Sdl2Conspiracy\Sdl2Conspiracy\Conspiracy\assets\sprites\alien.png
  D:\DevelopmentEnvironment\Workspaces\VisualStudioProjects\source\repos\SDL2_examples\src\Sdl2Conspiracy\Sdl2Conspiracy\Conspiracy\assets\sprites\background.png
  D:\DevelopmentEnvironment\Workspaces\VisualStudioProjects\source\repos\SDL2_examples\src\Sdl2Conspiracy\Sdl2Conspiracy\Conspiracy\assets\sprites\bilu_sheet.png
  D:\DevelopmentEnvironment\Workspaces\VisualStudioProjects\source\repos\SDL2_examples\src\Sdl2Conspiracy\Sdl2Conspiracy\Conspiracy\assets\sprites\cadeira_sheet(20X27).png
  D:\DevelopmentEnvironment\Workspaces\VisualStudioProjects\source\repos\SDL2_examples\src\Sdl2Conspiracy\Sdl2Conspiracy\Conspiracy\assets\sprites\camera(11X8).png
  D:\DevelopmentEnvironment\Workspaces\VisualStudioProjects\source\repos\SDL2_examples\src\Sdl2Conspiracy\Sdl2Conspiracy\Conspiracy\assets\sprites\etemer_sheet.png
  D:\DevelopmentEnvironment\Workspaces\VisualStudioProjects\source\repos\SDL2_examples\src\Sdl2Conspiracy\Sdl2Conspiracy\Conspiracy\assets\sprites\exclamation.png
  D:\DevelopmentEnvironment\Workspaces\VisualStudioProjects\source\repos\SDL2_examples\src\Sdl2Conspiracy\Sdl2Conspiracy\Conspiracy\assets\sprites\exclamation2.png
  D:\DevelopmentEnvironment\Workspaces\VisualStudioProjects\source\repos\SDL2_examples\src\Sdl2Conspiracy\Sdl2Conspiracy\Conspiracy\assets\sprites\finish.png
  D:\DevelopmentEnvironment\Workspaces\VisualStudioProjects\source\repos\SDL2_examples\src\Sdl2Conspiracy\Sdl2Conspiracy\Conspiracy\assets\sprites\lose.png
  D:\DevelopmentEnvironment\Workspaces\VisualStudioProjects\source\repos\SDL2_examples\src\Sdl2Conspiracy\Sdl2Conspiracy\Conspiracy\assets\sprites\mesa.png
  D:\DevelopmentEnvironment\Workspaces\VisualStudioProjects\source\repos\SDL2_examples\src\Sdl2Conspiracy\Sdl2Conspiracy\Conspiracy\assets\sprites\padlock.png
  D:\DevelopmentEnvironment\Workspaces\VisualStudioProjects\source\repos\SDL2_examples\src\Sdl2Conspiracy\Sdl2Conspiracy\Conspiracy\assets\sprites\papeis(19X21).png
  D:\DevelopmentEnvironment\Workspaces\VisualStudioProjects\source\repos\SDL2_examples\src\Sdl2Conspiracy\Sdl2Conspiracy\Conspiracy\assets\sprites\PC_sprites(34X20).png
  D:\DevelopmentEnvironment\Workspaces\VisualStudioProjects\source\repos\SDL2_examples\src\Sdl2Conspiracy\Sdl2Conspiracy\Conspiracy\assets\sprites\seguranca_sheet.png
  D:\DevelopmentEnvironment\Workspaces\VisualStudioProjects\source\repos\SDL2_examples\src\Sdl2Conspiracy\Sdl2Conspiracy\Conspiracy\assets\sprites\selecao_fases.png
  D:\DevelopmentEnvironment\Workspaces\VisualStudioProjects\source\repos\SDL2_examples\src\Sdl2Conspiracy\Sdl2Conspiracy\Conspiracy\assets\sprites\selecao_personagens_sheet(68X20).png
  D:\DevelopmentEnvironment\Workspaces\VisualStudioProjects\source\repos\SDL2_examples\src\Sdl2Conspiracy\Sdl2Conspiracy\Conspiracy\assets\sprites\tutorial_bilu.png
  D:\DevelopmentEnvironment\Workspaces\VisualStudioProjects\source\repos\SDL2_examples\src\Sdl2Conspiracy\Sdl2Conspiracy\Conspiracy\assets\sprites\tutoriaL_comandos.png
  D:\DevelopmentEnvironment\Workspaces\VisualStudioProjects\source\repos\SDL2_examples\src\Sdl2Conspiracy\Sdl2Conspiracy\Conspiracy\assets\sprites\tutorial_saida.png
  D:\DevelopmentEnvironment\Workspaces\VisualStudioProjects\source\repos\SDL2_examples\src\Sdl2Conspiracy\Sdl2Conspiracy\Conspiracy\assets\sprites\tutorial_temer1.png
  D:\DevelopmentEnvironment\Workspaces\VisualStudioProjects\source\repos\SDL2_examples\src\Sdl2Conspiracy\Sdl2Conspiracy\Conspiracy\assets\sprites\tutorial_temer2.png
  D:\DevelopmentEnvironment\Workspaces\VisualStudioProjects\source\repos\SDL2_examples\src\Sdl2Conspiracy\Sdl2Conspiracy\Conspiracy\assets\sprites\tutorial_varginha1.png
  D:\DevelopmentEnvironment\Workspaces\VisualStudioProjects\source\repos\SDL2_examples\src\Sdl2Conspiracy\Sdl2Conspiracy\Conspiracy\assets\sprites\tutorial_varginha2.png
  D:\DevelopmentEnvironment\Workspaces\VisualStudioProjects\source\repos\SDL2_examples\src\Sdl2Conspiracy\Sdl2Conspiracy\Conspiracy\assets\sprites\varginha_sheet.png
  D:\DevelopmentEnvironment\Workspaces\VisualStudioProjects\source\repos\SDL2_examples\src\Sdl2Conspiracy\Sdl2Conspiracy\Conspiracy\assets\sprites\win.png
  D:\DevelopmentEnvironment\Workspaces\VisualStudioProjects\source\repos\SDL2_examples\src\Sdl2Conspiracy\Sdl2Conspiracy\Conspiracy\assets\sprites\cenary\alavanca_sheet(17X20).png
  D:\DevelopmentEnvironment\Workspaces\VisualStudioProjects\source\repos\SDL2_examples\src\Sdl2Conspiracy\Sdl2Conspiracy\Conspiracy\assets\sprites\cenary\canto_sombra.png
  D:\DevelopmentEnvironment\Workspaces\VisualStudioProjects\source\repos\SDL2_examples\src\Sdl2Conspiracy\Sdl2Conspiracy\Conspiracy\assets\sprites\cenary\canto_sombra2.png
  D:\DevelopmentEnvironment\Workspaces\VisualStudioProjects\source\repos\SDL2_examples\src\Sdl2Conspiracy\Sdl2Conspiracy\Conspiracy\assets\sprites\cenary\canto_sombra3.png
  D:\DevelopmentEnvironment\Workspaces\VisualStudioProjects\source\repos\SDL2_examples\src\Sdl2Conspiracy\Sdl2Conspiracy\Conspiracy\assets\sprites\cenary\canto_sombra4.png
  D:\DevelopmentEnvironment\Workspaces\VisualStudioProjects\source\repos\SDL2_examples\src\Sdl2Conspiracy\Sdl2Conspiracy\Conspiracy\assets\sprites\cenary\chao.png
  D:\DevelopmentEnvironment\Workspaces\VisualStudioProjects\source\repos\SDL2_examples\src\Sdl2Conspiracy\Sdl2Conspiracy\Conspiracy\assets\sprites\cenary\parede2.png
  D:\DevelopmentEnvironment\Workspaces\VisualStudioProjects\source\repos\SDL2_examples\src\Sdl2Conspiracy\Sdl2Conspiracy\Conspiracy\assets\sprites\cenary\parede_cima1.png
  D:\DevelopmentEnvironment\Workspaces\VisualStudioProjects\source\repos\SDL2_examples\src\Sdl2Conspiracy\Sdl2Conspiracy\Conspiracy\assets\sprites\cenary\parede_door.png
  D:\DevelopmentEnvironment\Workspaces\VisualStudioProjects\source\repos\SDL2_examples\src\Sdl2Conspiracy\Sdl2Conspiracy\Conspiracy\assets\sprites\cenary\porta_anima.png
  D:\DevelopmentEnvironment\Workspaces\VisualStudioProjects\source\repos\SDL2_examples\src\Sdl2Conspiracy\Sdl2Conspiracy\Conspiracy\assets\sprites\cenary\porta_anima_lateral(20X61).png
  D:\DevelopmentEnvironment\Workspaces\VisualStudioProjects\source\repos\SDL2_examples\src\Sdl2Conspiracy\Sdl2Conspiracy\Conspiracy\assets\sprites\cenary\porta_anima_lateral(40X59).png
  D:\DevelopmentEnvironment\Workspaces\VisualStudioProjects\source\repos\SDL2_examples\src\Sdl2Conspiracy\Sdl2Conspiracy\Conspiracy\assets\sprites\cenary\SAIDA_BILU.png
  D:\DevelopmentEnvironment\Workspaces\VisualStudioProjects\source\repos\SDL2_examples\src\Sdl2Conspiracy\Sdl2Conspiracy\Conspiracy\assets\sprites\cenary\SAIDA_TEMER.png
  D:\DevelopmentEnvironment\Workspaces\VisualStudioProjects\source\repos\SDL2_examples\src\Sdl2Conspiracy\Sdl2Conspiracy\Conspiracy\assets\sprites\cenary\SAIDA_VARGINHA.png
  D:\DevelopmentEnvironment\Workspaces\VisualStudioProjects\source\repos\SDL2_examples\src\Sdl2Conspiracy\Sdl2Conspiracy\Conspiracy\assets\sprites\cenary\sombra.png
  D:\DevelopmentEnvironment\Workspaces\VisualStudioProjects\source\repos\SDL2_examples\src\Sdl2Conspiracy\Sdl2Conspiracy\Conspiracy\assets\sprites\cenary\switch_cameras(14X16).png
  D:\DevelopmentEnvironment\Workspaces\VisualStudioProjects\source\repos\SDL2_examples\src\Sdl2Conspiracy\Sdl2Conspiracy\Conspiracy\assets\sprites\cenary\tapete.png
  D:\DevelopmentEnvironment\Workspaces\VisualStudioProjects\source\repos\SDL2_examples\src\Sdl2Conspiracy\Sdl2Conspiracy\Conspiracy\assets\sprites\cenary\tapete_lateral.png
  D:\DevelopmentEnvironment\Workspaces\VisualStudioProjects\source\repos\SDL2_examples\src\Sdl2Conspiracy\Sdl2Conspiracy\Conspiracy\assets\sprites\cenary\teclado.png
  D:\DevelopmentEnvironment\Workspaces\VisualStudioProjects\source\repos\SDL2_examples\src\Sdl2Conspiracy\Sdl2Conspiracy\Conspiracy\assets\sprites\choices\stage_1.png
  D:\DevelopmentEnvironment\Workspaces\VisualStudioProjects\source\repos\SDL2_examples\src\Sdl2Conspiracy\Sdl2Conspiracy\Conspiracy\assets\sprites\choices\stage_2.png
  D:\DevelopmentEnvironment\Workspaces\VisualStudioProjects\source\repos\SDL2_examples\src\Sdl2Conspiracy\Sdl2Conspiracy\Conspiracy\assets\sprites\choices\stage_3.png
  D:\DevelopmentEnvironment\Workspaces\VisualStudioProjects\source\repos\SDL2_examples\src\Sdl2Conspiracy\Sdl2Conspiracy\Conspiracy\assets\sprites\choices\stage_4.png
  D:\DevelopmentEnvironment\Workspaces\VisualStudioProjects\source\repos\SDL2_examples\src\Sdl2Conspiracy\Sdl2Conspiracy\Conspiracy\assets\sprites\choices\stage_5.png
  D:\DevelopmentEnvironment\Workspaces\VisualStudioProjects\source\repos\SDL2_examples\src\Sdl2Conspiracy\Sdl2Conspiracy\Conspiracy\assets\tiledMaps\Stage1.tmx
  D:\DevelopmentEnvironment\Workspaces\VisualStudioProjects\source\repos\SDL2_examples\src\Sdl2Conspiracy\Sdl2Conspiracy\Conspiracy\assets\tiledMaps\Stage1.txt
  D:\DevelopmentEnvironment\Workspaces\VisualStudioProjects\source\repos\SDL2_examples\src\Sdl2Conspiracy\Sdl2Conspiracy\Conspiracy\assets\tiledMaps\Stage2.tmx
  D:\DevelopmentEnvironment\Workspaces\VisualStudioProjects\source\repos\SDL2_examples\src\Sdl2Conspiracy\Sdl2Conspiracy\Conspiracy\assets\tiledMaps\Stage2.txt
  D:\DevelopmentEnvironment\Workspaces\VisualStudioProjects\source\repos\SDL2_examples\src\Sdl2Conspiracy\Sdl2Conspiracy\Conspiracy\assets\tiledMaps\Stage3.tmx
  D:\DevelopmentEnvironment\Workspaces\VisualStudioProjects\source\repos\SDL2_examples\src\Sdl2Conspiracy\Sdl2Conspiracy\Conspiracy\assets\tiledMaps\Stage3.txt
  D:\DevelopmentEnvironment\Workspaces\VisualStudioProjects\source\repos\SDL2_examples\src\Sdl2Conspiracy\Sdl2Conspiracy\Conspiracy\assets\tiledMaps\stage4.tmx
  D:\DevelopmentEnvironment\Workspaces\VisualStudioProjects\source\repos\SDL2_examples\src\Sdl2Conspiracy\Sdl2Conspiracy\Conspiracy\assets\tiledMaps\Stage4.txt
  D:\DevelopmentEnvironment\Workspaces\VisualStudioProjects\source\repos\SDL2_examples\src\Sdl2Conspiracy\Sdl2Conspiracy\Conspiracy\assets\tiledMaps\Stage5.txt
  复制了 84 个文件
